  Pong.cpp
C:\Users\Kamil\source\repos\ec3d0f13-gr21-repo\Projekt\Pong\Pong\Pong.cpp(2,5): warning C4007: "WinMain": musi być "__stdcall"
Pong.obj : error LNK2001: nierozpoznany symbol zewnętrzny "__declspec(dllimport) public: static class sf::RenderStates const sf::RenderStates::Default" (__imp_?Default@RenderStates@sf@@2V12@B)
Pong.obj : error LNK2001: nierozpoznany symbol zewnętrzny "__declspec(dllimport) public: __thiscall sf::CircleShape::CircleShape(float,unsigned int)" (__imp_??0CircleShape@sf@@QAE@MI@Z)
Pong.obj : error LNK2001: nierozpoznany symbol zewnętrzny "__declspec(dllimport) public: virtual __thiscall sf::RenderWindow::~RenderWindow(void)" (__imp_??1RenderWindow@sf@@UAE@XZ)
Pong.obj : error LNK2001: nierozpoznany symbol zewnętrzny "__declspec(dllimport) public: __thiscall sf::RenderWindow::RenderWindow(class sf::VideoMode,class sf::String const &,unsigned int,struct sf::ContextSettings const &)" (__imp_??0RenderWindow@sf@@QAE@VVideoMode@1@ABVString@1@IABUContextSettings@1@@Z)
Pong.obj : error LNK2001: nierozpoznany symbol zewnętrzny "__declspec(dllimport) public: __thiscall sf::Color::Color(unsigned char,unsigned char,unsigned char,unsigned char)" (__imp_??0Color@sf@@QAE@EEEE@Z)
Pong.obj : error LNK2001: nierozpoznany symbol zewnętrzny "__declspec(dllimport) public: void __thiscall sf::Window::display(void)" (__imp_?display@Window@sf@@QAEXXZ)
Pong.obj : error LNK2001: nierozpoznany symbol zewnętrzny "__declspec(dllimport) public: bool __thiscall sf::Window::pollEvent(class sf::Event &)" (__imp_?pollEvent@Window@sf@@QAE_NAAVEvent@2@@Z)
Pong.obj : error LNK2001: nierozpoznany symbol zewnętrzny "__declspec(dllimport) public: bool __thiscall sf::Window::isOpen(void)const " (__imp_?isOpen@Window@sf@@QBE_NXZ)
Pong.obj : error LNK2001: nierozpoznany symbol zewnętrzny "__declspec(dllimport) public: void __thiscall sf::Window::close(void)" (__imp_?close@Window@sf@@QAEXXZ)
Pong.obj : error LNK2001: nierozpoznany symbol zewnętrzny "__declspec(dllimport) public: static class sf::Color const sf::Color::Green" (__imp_?Green@Color@sf@@2V12@B)
Pong.obj : error LNK2001: nierozpoznany symbol zewnętrzny "__declspec(dllimport) public: void __thiscall sf::RenderTarget::draw(class sf::Drawable const &,class sf::RenderStates const &)" (__imp_?draw@RenderTarget@sf@@QAEXABVDrawable@2@ABVRenderStates@2@@Z)
Pong.obj : error LNK2001: nierozpoznany symbol zewnętrzny "__declspec(dllimport) public: void __thiscall sf::RenderTarget::clear(class sf::Color const &)" (__imp_?clear@RenderTarget@sf@@QAEXABVColor@2@@Z)
Pong.obj : error LNK2001: nierozpoznany symbol zewnętrzny "__declspec(dllimport) public: void __thiscall sf::Shape::setFillColor(class sf::Color const &)" (__imp_?setFillColor@Shape@sf@@QAEXABVColor@2@@Z)
Pong.obj : error LNK2001: nierozpoznany symbol zewnętrzny "__declspec(dllimport) public: __thiscall sf::String::String(char const *,class std::locale const &)" (__imp_??0String@sf@@QAE@PBDABVlocale@std@@@Z)
Pong.obj : error LNK2001: nierozpoznany symbol zewnętrzny "__declspec(dllimport) public: __thiscall sf::VideoMode::VideoMode(unsigned int,unsigned int,unsigned int)" (__imp_??0VideoMode@sf@@QAE@III@Z)
Pong.obj : error LNK2001: nierozpoznany symbol zewnętrzny "__declspec(dllimport) public: virtual __thiscall sf::CircleShape::~CircleShape(void)" (__imp_??1CircleShape@sf@@UAE@XZ)
Pong.obj : error LNK2001: nierozpoznany symbol zewnętrzny "__declspec(dllimport) public: __thiscall sf::String::~String(void)" (__imp_??1String@sf@@QAE@XZ)
MSVCRT.lib(exe_main.obj) : error LNK2001: nierozpoznany symbol zewnętrzny _main
C:\Users\Kamil\source\repos\ec3d0f13-gr21-repo\Projekt\Pong\Release\Pong.exe : fatal error LNK1120: liczba nierozpoznanych elementów zewnętrznych: 18
